<?xml version='1.0' encoding='UTF-8'?>
<testsuite hostname="lean13" name="jsonprocessor.JsonProcessorTest" tests="6" errors="0" failures="0" skipped="0" time="0.018" timestamp="2024-10-27T20:12:53">
          <properties>
      <property name="java.specification.version" value="21"/><property name="sun.jnu.encoding" value="UTF-8"/><property name="sun.arch.data.model" value="64"/><property name="java.vendor.url" value="https://ubuntu.com/"/><property name="sun.boot.library.path" value="/usr/lib/jvm/java-21-openjdk-amd64/lib"/><property name="sun.java.command" value="/home/lean13/.cache/coursier/arc/https/github.com/sbt/sbt/releases/download/v1.10.3/sbt-1.10.3.zip/sbt/bin/sbt-launch.jar"/><property name="jdk.debug" value="release"/><property name="java.specification.vendor" value="Oracle Corporation"/><property name="java.version.date" value="2024-07-16"/><property name="java.home" value="/usr/lib/jvm/java-21-openjdk-amd64"/><property name="file.separator" value="/"/><property name="java.vm.compressedOopsMode" value="32-bit"/><property name="line.separator" value="
"/><property name="java.vm.specification.vendor" value="Oracle Corporation"/><property name="java.specification.name" value="Java Platform API Specification"/><property name="sun.management.compiler" value="HotSpot 64-Bit Tiered Compilers"/><property name="java.runtime.version" value="21.0.4+7-Ubuntu-1ubuntu222.04"/><property name="user.name" value="lean13"/><property name="log4j.ignoreTCL" value="true"/><property name="file.encoding" value="UTF-8"/><property name="jnidispatch.path" value="/home/lean13/.cache/JNA/temp/jna13334865270330320883.tmp"/><property name="jna.loaded" value="true"/><property name="java.io.tmpdir" value="/tmp"/><property name="java.version" value="21.0.4"/><property name="java.vm.specification.name" value="Java Virtual Machine Specification"/><property name="native.encoding" value="UTF-8"/><property name="java.library.path" value="/usr/java/packages/lib:/usr/lib/x86_64-linux-gnu/jni:/lib/x86_64-linux-gnu:/usr/lib/x86_64-linux-gnu:/usr/lib/jni:/lib:/usr/lib"/><property name="stderr.encoding" value="UTF-8"/><property name="java.vendor" value="Ubuntu"/><property name="scala.ext.dirs" value="/home/lean13/.sbt/1.0/java9-rt-ext-ubuntu_21_0_4"/><property name="sun.io.unicode.encoding" value="UnicodeLittle"/><property name="java.class.path" value="/home/lean13/.cache/coursier/arc/https/github.com/sbt/sbt/releases/download/v1.10.3/sbt-1.10.3.zip/sbt/bin/sbt-launch.jar"/><property name="java.vm.vendor" value="Ubuntu"/><property name="jline.shutdownhook" value="false"/><property name="user.timezone" value="America/Argentina/Buenos_Aires"/><property name="java.vm.specification.version" value="21"/><property name="os.name" value="Linux"/><property name="sun.java.launcher" value="SUN_STANDARD"/><property name="user.country" value="AR"/><property name="sun.cpu.endian" value="little"/><property name="user.home" value="/home/lean13"/><property name="user.language" value="es"/><property name="sbt.script" value="/home/lean13/.cache/coursier/arc/https/github.com/sbt/sbt/releases/download/v1.10.3/sbt-1.10.3.zip/sbt/bin/sbt"/><property name="sbt.ipcsocket.tmpdir" value="/run/user/1000/.sbt4d508ef1/ipcsocket"/><property name="swoval.tmpdir" value="/run/user/1000/.sbt4d508ef1/swoval"/><property name="jline.esc.timeout" value="0"/><property name="stdout.encoding" value="UTF-8"/><property name="path.separator" value=":"/><property name="os.version" value="5.15.0-124-generic"/><property name="jna.nosys" value="true"/><property name="java.runtime.name" value="OpenJDK Runtime Environment"/><property name="java.vm.name" value="OpenJDK 64-Bit Server VM"/><property name="jna.platform.library.path" value="/usr/lib/x86_64-linux-gnu:/lib/x86_64-linux-gnu:/usr/lib64:/lib64:/usr/lib:/lib:/lib/i386-linux-gnu:/lib32:/usr/lib/x86_64-linux-gnu/libfakeroot"/><property name="java.vendor.url.bug" value="https://bugs.launchpad.net/ubuntu/+source/openjdk-21"/><property name="user.dir" value="/home/lean13/paradigmas/tp2/TP2junqtional"/><property name="os.arch" value="amd64"/><property name="java.vm.info" value="mixed mode, sharing"/><property name="java.vm.version" value="21.0.4+7-Ubuntu-1ubuntu222.04"/><property name="java.class.version" value="65.0"/>
    </properties>
          <testcase classname="jsonprocessor.JsonProcessorTest" name="addKey should add a new key-value pair at the specified path" time="0.013">
                      
                    </testcase><testcase classname="jsonprocessor.JsonProcessorTest" name="addItem should add a new item to the specified array path" time="0.001">
                      
                    </testcase><testcase classname="jsonprocessor.JsonProcessorTest" name="edit should update the value at the specified path" time="0.001">
                      
                    </testcase><testcase classname="jsonprocessor.JsonProcessorTest" name="get should return the value at the specified path" time="0.001">
                      
                    </testcase><testcase classname="jsonprocessor.JsonProcessorTest" name="existsKey should return true if the key exists in the root" time="0.001">
                      
                    </testcase><testcase classname="jsonprocessor.JsonProcessorTest" name="existsKey should return false if the key does not exist in the root" time="0.001">
                      
                    </testcase>
          <system-out><![CDATA[]]></system-out>
          <system-err><![CDATA[]]></system-err>
        </testsuite>